==4133== Memcheck, a memory error detector
==4133== Copyright (C) 2002-2012, and GNU GPL'd, by Julian Seward et al.
==4133== Using Valgrind-3.8.1 and LibVEX; rerun with -h for copyright info
==4133== Command: ./project3 inputTxt
==4133== Parent PID: 4132
==4133== 
--4133-- 
--4133-- Valgrind options:
--4133--    --tool=memcheck
--4133--    --leak-check=full
--4133--    --verbose
--4133--    --log-file=memcheck.log
--4133-- Contents of /proc/version:
--4133--   Linux version 2.6.32-504.16.2.el6.x86_64 (mockbuild@x86-028.build.eng.bos.redhat.com) (gcc version 4.4.7 20120313 (Red Hat 4.4.7-9) (GCC) ) #1 SMP Tue Mar 10 17:01:00 EDT 2015
--4133-- Arch and hwcaps: AMD64, amd64-sse3-cx16-avx
--4133-- Page sizes: currently 4096, max supported 4096
--4133-- Valgrind library directory: /usr/lib64/valgrind
--4133-- Reading syms from /home/shay/a/patel344/ECE368/project3/project3
--4133-- Reading syms from /lib64/ld-2.12.so
--4133-- Reading syms from /usr/lib64/valgrind/memcheck-amd64-linux
--4133--    object doesn't have a dynamic symbol table
--4133-- Scheduler: using generic scheduler lock implementation.
--4133-- Reading suppressions file: /usr/lib64/valgrind/default.supp
==4133== embedded gdbserver: reading from /tmp/vgdb-pipe-from-vgdb-to-4133-by-patel344-on-ee207lnx02.ecn.purdue.edu
==4133== embedded gdbserver: writing to   /tmp/vgdb-pipe-to-vgdb-from-4133-by-patel344-on-ee207lnx02.ecn.purdue.edu
==4133== embedded gdbserver: shared mem   /tmp/vgdb-pipe-shared-mem-vgdb-4133-by-patel344-on-ee207lnx02.ecn.purdue.edu
==4133== 
==4133== TO CONTROL THIS PROCESS USING vgdb (which you probably
==4133== don't want to do, unless you know exactly what you're doing,
==4133== or are doing some strange experiment):
==4133==   /usr/lib64/valgrind/../../bin/vgdb --pid=4133 ...command...
==4133== 
==4133== TO DEBUG THIS PROCESS USING GDB: start GDB like this
==4133==   /path/to/gdb ./project3
==4133== and then give GDB the following command
==4133==   target remote | /usr/lib64/valgrind/../../bin/vgdb --pid=4133
==4133== --pid is optional if only one valgrind process is running
==4133== 
--4133-- REDIR: 0x40176d0 (strlen) redirected to 0x38049551 (vgPlain_amd64_linux_REDIR_FOR_strlen)
--4133-- Reading syms from /usr/lib64/valgrind/vgpreload_core-amd64-linux.so
--4133-- Reading syms from /usr/lib64/valgrind/vgpreload_memcheck-amd64-linux.so
--4133-- REDIR: 0x40174e0 (index) redirected to 0x4c28c30 (index)
--4133-- REDIR: 0x4017560 (strcmp) redirected to 0x4c29570 (strcmp)
--4133-- Reading syms from /lib64/libm-2.12.so
--4133-- Reading syms from /lib64/libc-2.12.so
--4133-- REDIR: 0x5137cd0 (strcasecmp) redirected to 0x4a2255c (_vgnU_ifunc_wrapper)
--4133-- REDIR: 0x5139f90 (strncasecmp) redirected to 0x4a2255c (_vgnU_ifunc_wrapper)
--4133-- REDIR: 0x5135c40 (__GI_strrchr) redirected to 0x4c28ab0 (__GI_strrchr)
--4133-- REDIR: 0x512d640 (malloc) redirected to 0x4c279ac (malloc)
--4133-- REDIR: 0x5136350 (memchr) redirected to 0x4c29610 (memchr)
--4133-- REDIR: 0x513c670 (memcpy) redirected to 0x4c29b60 (memcpy)
--4133-- REDIR: 0x5134120 (strlen) redirected to 0x4a2255c (_vgnU_ifunc_wrapper)
--4133-- REDIR: 0x51e6570 (__strlen_sse42) redirected to 0x4c28f90 (strlen)
--4133-- REDIR: 0x5132630 (index) redirected to 0x4a2255c (_vgnU_ifunc_wrapper)
--4133-- REDIR: 0x51db1f0 (__strchr_sse42) redirected to 0x4c28b40 (index)
--4133-- REDIR: 0x512e520 (free) redirected to 0x4c273a9 (free)
--4133-- REDIR: 0x5134160 (__GI_strlen) redirected to 0x4c28fb0 (__GI_strlen)
--4133-- REDIR: 0x513daf0 (strchrnul) redirected to 0x4c2afb0 (strchrnul)
--4133-- REDIR: 0x5137500 (mempcpy) redirected to 0x4c2b020 (mempcpy)
==4133== Use of uninitialised value of size 8
==4133==    at 0x401739: queue (project3.c:245)
==4133==    by 0x401A29: Query4 (project3.c:287)
==4133==    by 0x4021F7: main (project3.c:404)
==4133== 
==4133== Invalid write of size 4
==4133==    at 0x401739: queue (project3.c:245)
==4133==    by 0x401A29: Query4 (project3.c:287)
==4133==    by 0x4021F7: main (project3.c:404)
==4133==  Address 0x3ff000390 is not stack'd, malloc'd or (recently) free'd
==4133== 
==4133== 
==4133== Process terminating with default action of signal 11 (SIGSEGV)
==4133==  Access not within mapped region at address 0x3FF000390
==4133==    at 0x401739: queue (project3.c:245)
==4133==    by 0x401A29: Query4 (project3.c:287)
==4133==    by 0x4021F7: main (project3.c:404)
==4133==  If you believe this happened as a result of a stack
==4133==  overflow in your program's main thread (unlikely but
==4133==  possible), you can try to increase the size of the
==4133==  main thread stack using the --main-stacksize= flag.
==4133==  The main thread stack size used in this run was 10485760.
==4133== 
==4133== HEAP SUMMARY:
==4133==     in use at exit: 568 bytes in 14 blocks
==4133==   total heap usage: 97 allocs, 83 frees, 3,848 bytes allocated
==4133== 
==4133== Searching for pointers to 14 not-freed blocks
==4133== Checked 69,240 bytes
==4133== 
==4133== LEAK SUMMARY:
==4133==    definitely lost: 0 bytes in 0 blocks
==4133==    indirectly lost: 0 bytes in 0 blocks
==4133==      possibly lost: 0 bytes in 0 blocks
==4133==    still reachable: 568 bytes in 14 blocks
==4133==         suppressed: 0 bytes in 0 blocks
==4133== Reachable blocks (those to which a pointer was found) are not shown.
==4133== To see them, rerun with: --leak-check=full --show-reachable=yes
==4133== 
==4133== Use --track-origins=yes to see where uninitialised values come from
==4133== ERROR SUMMARY: 2 errors from 2 contexts (suppressed: 6 from 6)
==4133== 
==4133== 1 errors in context 1 of 2:
==4133== Invalid write of size 4
==4133==    at 0x401739: queue (project3.c:245)
==4133==    by 0x401A29: Query4 (project3.c:287)
==4133==    by 0x4021F7: main (project3.c:404)
==4133==  Address 0x3ff000390 is not stack'd, malloc'd or (recently) free'd
==4133== 
==4133== 
==4133== 1 errors in context 2 of 2:
==4133== Use of uninitialised value of size 8
==4133==    at 0x401739: queue (project3.c:245)
==4133==    by 0x401A29: Query4 (project3.c:287)
==4133==    by 0x4021F7: main (project3.c:404)
==4133== 
--4133-- 
--4133-- used_suppression:      4 U1004-ARM-_dl_relocate_object
--4133-- used_suppression:      2 glibc-2.5.x-on-SUSE-10.2-(PPC)-2a
==4133== 
==4133== ERROR SUMMARY: 2 errors from 2 contexts (suppressed: 6 from 6)
