==20808== Memcheck, a memory error detector
==20808== Copyright (C) 2002-2012, and GNU GPL'd, by Julian Seward et al.
==20808== Using Valgrind-3.8.1 and LibVEX; rerun with -h for copyright info
==20808== Command: ./test .24 .56 .2 10000
==20808== Parent PID: 20803
==20808== 
--20808-- 
--20808-- Valgrind options:
--20808--    --tool=memcheck
--20808--    --leak-check=full
--20808--    --verbose
--20808--    --log-file=memcheck.log
--20808-- Contents of /proc/version:
--20808--   Linux version 2.6.32-504.8.1.el6.x86_64 (mockbuild@x86-002.build.bos.redhat.com) (gcc version 4.4.7 20120313 (Red Hat 4.4.7-9) (GCC) ) #1 SMP Fri Dec 19 12:09:25 EST 2014
--20808-- Arch and hwcaps: AMD64, amd64-sse3-cx16
--20808-- Page sizes: currently 4096, max supported 4096
--20808-- Valgrind library directory: /usr/lib64/valgrind
--20808-- Reading syms from /home/shay/a/patel344/ECE368/project1/PRJ1_A/PRJ1_A/PRJ1_B/test
--20808-- Reading syms from /usr/lib64/valgrind/memcheck-amd64-linux
--20808--    object doesn't have a dynamic symbol table
--20808-- Reading syms from /lib64/ld-2.12.so
--20808--   Considering /usr/lib/debug/.build-id/5b/eb2450b75e84ff317c65f22af8b8112c25df63.debug ..
--20808--   .. build-id is valid
--20808-- Scheduler: using generic scheduler lock implementation.
--20808-- Reading suppressions file: /usr/lib64/valgrind/default.supp
==20808== embedded gdbserver: reading from /tmp/vgdb-pipe-from-vgdb-to-20808-by-patel344-on-ecegrid-thin1.ecn.purdue.edu
==20808== embedded gdbserver: writing to   /tmp/vgdb-pipe-to-vgdb-from-20808-by-patel344-on-ecegrid-thin1.ecn.purdue.edu
==20808== embedded gdbserver: shared mem   /tmp/vgdb-pipe-shared-mem-vgdb-20808-by-patel344-on-ecegrid-thin1.ecn.purdue.edu
==20808== 
==20808== TO CONTROL THIS PROCESS USING vgdb (which you probably
==20808== don't want to do, unless you know exactly what you're doing,
==20808== or are doing some strange experiment):
==20808==   /usr/lib64/valgrind/../../bin/vgdb --pid=20808 ...command...
==20808== 
==20808== TO DEBUG THIS PROCESS USING GDB: start GDB like this
==20808==   /path/to/gdb ./test
==20808== and then give GDB the following command
==20808==   target remote | /usr/lib64/valgrind/../../bin/vgdb --pid=20808
==20808== --pid is optional if only one valgrind process is running
==20808== 
--20808-- REDIR: 0x37676176d0 (strlen) redirected to 0x38049551 (vgPlain_amd64_linux_REDIR_FOR_strlen)
--20808-- Reading syms from /usr/lib64/valgrind/vgpreload_core-amd64-linux.so
--20808-- Reading syms from /usr/lib64/valgrind/vgpreload_memcheck-amd64-linux.so
--20808-- REDIR: 0x37676174e0 (index) redirected to 0x4a07c30 (index)
--20808-- REDIR: 0x3767617560 (strcmp) redirected to 0x4a08570 (strcmp)
--20808-- Reading syms from /lib64/libm-2.12.so
--20808--   Considering /usr/lib/debug/.build-id/a5/f11596a3c6c24c2304a996de37a1736c5715f9.debug ..
--20808--   .. build-id is valid
--20808-- Reading syms from /lib64/libc-2.12.so
--20808--   Considering /usr/lib/debug/.build-id/22/aa38cca59a5df6cf07b8fc1778e2ee0384508e.debug ..
--20808--   .. build-id is valid
--20808-- REDIR: 0x3767a84cd0 (strcasecmp) redirected to 0x480155c (_vgnU_ifunc_wrapper)
--20808-- REDIR: 0x3767a86f90 (strncasecmp) redirected to 0x480155c (_vgnU_ifunc_wrapper)
--20808-- REDIR: 0x3767a82c40 (__GI_strrchr) redirected to 0x4a07ab0 (__GI_strrchr)
--20808-- REDIR: 0xffffffffff600400 (???) redirected to 0x3804953d (vgPlain_amd64_linux_REDIR_FOR_vtime)
--20808-- REDIR: 0x3767a7a640 (malloc) redirected to 0x4a069ac (malloc)
--20808-- REDIR: 0x3767a81160 (__GI_strlen) redirected to 0x4a07fb0 (__GI_strlen)
--20808-- REDIR: 0x3767a89670 (memcpy) redirected to 0x4a08b60 (memcpy)
--20808-- REDIR: 0x3767a7b520 (free) redirected to 0x4a063a9 (free)
--20808-- REDIR: 0x3767a8aaf0 (strchrnul) redirected to 0x4a09fb0 (strchrnul)
--20808-- REDIR: 0x3767a84500 (mempcpy) redirected to 0x4a0a020 (mempcpy)
==20808== 
==20808== HEAP SUMMARY:
==20808==     in use at exit: 0 bytes in 0 blocks
==20808==   total heap usage: 80,003 allocs, 80,003 frees, 3,928,864 bytes allocated
==20808== 
==20808== All heap blocks were freed -- no leaks are possible
==20808== 
==20808== ERROR SUMMARY: 0 errors from 0 contexts (suppressed: 6 from 6)
--20808-- 
--20808-- used_suppression:      4 U1004-ARM-_dl_relocate_object
--20808-- used_suppression:      2 glibc-2.5.x-on-SUSE-10.2-(PPC)-2a
==20808== 
==20808== ERROR SUMMARY: 0 errors from 0 contexts (suppressed: 6 from 6)
