==5578== Memcheck, a memory error detector
==5578== Copyright (C) 2002-2012, and GNU GPL'd, by Julian Seward et al.
==5578== Using Valgrind-3.8.1 and LibVEX; rerun with -h for copyright info
==5578== Command: ./project2
==5578== Parent PID: 5572
==5578== 
--5578-- 
--5578-- Valgrind options:
--5578--    --tool=memcheck
--5578--    --track-origins=yes
--5578--    --leak-check=full
--5578--    --verbose
--5578--    --log-file=memcheck.log
--5578-- Contents of /proc/version:
--5578--   Linux version 2.6.32-504.8.1.el6.x86_64 (mockbuild@x86-002.build.bos.redhat.com) (gcc version 4.4.7 20120313 (Red Hat 4.4.7-9) (GCC) ) #1 SMP Fri Dec 19 12:09:25 EST 2014
--5578-- Arch and hwcaps: AMD64, amd64-sse3-cx16
--5578-- Page sizes: currently 4096, max supported 4096
--5578-- Valgrind library directory: /usr/lib64/valgrind
--5578-- Reading syms from /home/shay/a/patel344/ECE368/project2/project2
--5578-- Reading syms from /usr/lib64/valgrind/memcheck-amd64-linux
--5578--    object doesn't have a dynamic symbol table
--5578-- Reading syms from /lib64/ld-2.12.so
--5578--   Considering /usr/lib/debug/.build-id/5b/eb2450b75e84ff317c65f22af8b8112c25df63.debug ..
--5578--   .. build-id is valid
--5578-- Scheduler: using generic scheduler lock implementation.
--5578-- Reading suppressions file: /usr/lib64/valgrind/default.supp
==5578== embedded gdbserver: reading from /tmp/vgdb-pipe-from-vgdb-to-5578-by-patel344-on-ecegrid-thin1.ecn.purdue.edu
==5578== embedded gdbserver: writing to   /tmp/vgdb-pipe-to-vgdb-from-5578-by-patel344-on-ecegrid-thin1.ecn.purdue.edu
==5578== embedded gdbserver: shared mem   /tmp/vgdb-pipe-shared-mem-vgdb-5578-by-patel344-on-ecegrid-thin1.ecn.purdue.edu
==5578== 
==5578== TO CONTROL THIS PROCESS USING vgdb (which you probably
==5578== don't want to do, unless you know exactly what you're doing,
==5578== or are doing some strange experiment):
==5578==   /usr/lib64/valgrind/../../bin/vgdb --pid=5578 ...command...
==5578== 
==5578== TO DEBUG THIS PROCESS USING GDB: start GDB like this
==5578==   /path/to/gdb ./project2
==5578== and then give GDB the following command
==5578==   target remote | /usr/lib64/valgrind/../../bin/vgdb --pid=5578
==5578== --pid is optional if only one valgrind process is running
==5578== 
--5578-- REDIR: 0x37676176d0 (strlen) redirected to 0x38049551 (vgPlain_amd64_linux_REDIR_FOR_strlen)
--5578-- Reading syms from /usr/lib64/valgrind/vgpreload_core-amd64-linux.so
--5578-- Reading syms from /usr/lib64/valgrind/vgpreload_memcheck-amd64-linux.so
--5578-- REDIR: 0x37676174e0 (index) redirected to 0x4a07c30 (index)
--5578-- REDIR: 0x3767617560 (strcmp) redirected to 0x4a08570 (strcmp)
--5578-- Reading syms from /lib64/libc-2.12.so
--5578--   Considering /usr/lib/debug/.build-id/22/aa38cca59a5df6cf07b8fc1778e2ee0384508e.debug ..
--5578--   .. build-id is valid
--5578-- REDIR: 0x3767a84cd0 (strcasecmp) redirected to 0x480155c (_vgnU_ifunc_wrapper)
--5578-- REDIR: 0x3767a86f90 (strncasecmp) redirected to 0x480155c (_vgnU_ifunc_wrapper)
--5578-- REDIR: 0x3767a82c40 (__GI_strrchr) redirected to 0x4a07ab0 (__GI_strrchr)
--5578-- REDIR: 0xffffffffff600400 (???) redirected to 0x3804953d (vgPlain_amd64_linux_REDIR_FOR_vtime)
--5578-- REDIR: 0x3767a7a640 (malloc) redirected to 0x4a069ac (malloc)
--5578-- REDIR: 0x3767a8aaf0 (strchrnul) redirected to 0x4a09fb0 (strchrnul)
--5578-- REDIR: 0x3767a81160 (__GI_strlen) redirected to 0x4a07fb0 (__GI_strlen)
--5578-- REDIR: 0x3767a84500 (mempcpy) redirected to 0x4a0a020 (mempcpy)
--5578-- REDIR: 0x3767a7b520 (free) redirected to 0x4a063a9 (free)
--5578-- REDIR: 0x3767a83350 (memchr) redirected to 0x4a08610 (memchr)
--5578-- REDIR: 0x3767a89670 (memcpy) redirected to 0x4a08b60 (memcpy)
--5578-- REDIR: 0x3767a8aaa0 (__GI___rawmemchr) redirected to 0x4a0a000 (__GI___rawmemchr)
==5578== 
==5578== HEAP SUMMARY:
==5578==     in use at exit: 0 bytes in 0 blocks
==5578==   total heap usage: 5 allocs, 5 frees, 801,704 bytes allocated
==5578== 
==5578== All heap blocks were freed -- no leaks are possible
==5578== 
==5578== ERROR SUMMARY: 0 errors from 0 contexts (suppressed: 6 from 6)
--5578-- 
--5578-- used_suppression:      4 U1004-ARM-_dl_relocate_object
--5578-- used_suppression:      2 glibc-2.5.x-on-SUSE-10.2-(PPC)-2a
==5578== 
==5578== ERROR SUMMARY: 0 errors from 0 contexts (suppressed: 6 from 6)
